2025-04-27 18:32:22,883 [INFO] Using device: cpu for LPIPS calculation.
2025-04-27 18:32:23,358 [INFO] Found 52 matching images to process.
2025-04-27 18:32:27,602 [INFO] 0.png: PSNR=14.8092, SSIM=0.1254, LPIPS=0.7795
2025-04-27 18:32:31,528 [INFO] 1.png: PSNR=14.6226, SSIM=0.2039, LPIPS=0.6584
2025-04-27 18:32:34,834 [INFO] 10.png: PSNR=14.8481, SSIM=0.2396, LPIPS=0.6739
2025-04-27 18:32:38,639 [INFO] 11.png: PSNR=14.4039, SSIM=0.2345, LPIPS=0.6671
2025-04-27 18:32:41,950 [INFO] 12.png: PSNR=14.0247, SSIM=0.2371, LPIPS=0.6970
2025-04-27 18:32:45,353 [INFO] 13.png: PSNR=15.6514, SSIM=0.2303, LPIPS=0.6304
2025-04-27 18:32:49,245 [INFO] 2.png: PSNR=13.7916, SSIM=0.2051, LPIPS=0.7461
2025-04-27 18:32:53,205 [INFO] 21.png: PSNR=14.7594, SSIM=0.1980, LPIPS=0.7179
2025-04-27 18:32:57,189 [INFO] 22.png: PSNR=17.0577, SSIM=0.1440, LPIPS=0.7204
2025-04-27 18:33:01,018 [INFO] 23.png: PSNR=14.9047, SSIM=0.1834, LPIPS=0.6607
2025-04-27 18:33:04,874 [INFO] 24.png: PSNR=14.9583, SSIM=0.1737, LPIPS=0.7476
2025-04-27 18:33:09,064 [INFO] 25.png: PSNR=14.7767, SSIM=0.2039, LPIPS=0.6597
2025-04-27 18:33:13,188 [INFO] 26.png: PSNR=15.2450, SSIM=0.1934, LPIPS=0.6919
2025-04-27 18:33:16,514 [INFO] 27.png: PSNR=15.3479, SSIM=0.1804, LPIPS=0.7126
2025-04-27 18:33:20,182 [INFO] 28.png: PSNR=15.1311, SSIM=0.1832, LPIPS=0.7286
2025-04-27 18:33:23,406 [INFO] 29.png: PSNR=15.2994, SSIM=0.1968, LPIPS=0.7373
2025-04-27 18:33:26,993 [INFO] 3.png: PSNR=14.4479, SSIM=0.2397, LPIPS=0.6312
2025-04-27 18:33:30,838 [INFO] 30.png: PSNR=15.1646, SSIM=0.1795, LPIPS=0.7311
2025-04-27 18:33:34,426 [INFO] 31.png: PSNR=16.0343, SSIM=0.1802, LPIPS=0.6250
2025-04-27 18:33:37,977 [INFO] 32.png: PSNR=15.4595, SSIM=0.1571, LPIPS=0.6703
2025-04-27 18:33:41,635 [INFO] 33.png: PSNR=14.6930, SSIM=0.2438, LPIPS=0.7373
2025-04-27 18:33:45,461 [INFO] 34.png: PSNR=14.9193, SSIM=0.2417, LPIPS=0.6629
2025-04-27 18:33:49,037 [INFO] 35.png: PSNR=15.9089, SSIM=0.1448, LPIPS=0.6462
2025-04-27 18:33:52,746 [INFO] 36.png: PSNR=14.8722, SSIM=0.1676, LPIPS=0.7422
2025-04-27 18:33:56,406 [INFO] 37.png: PSNR=15.5722, SSIM=0.2101, LPIPS=0.6422
2025-04-27 18:34:00,426 [INFO] 38.png: PSNR=15.1657, SSIM=0.2477, LPIPS=0.6740
2025-04-27 18:34:04,099 [INFO] 39.png: PSNR=15.3127, SSIM=0.1365, LPIPS=0.7320
2025-04-27 18:34:07,766 [INFO] 4.png: PSNR=13.9760, SSIM=0.2410, LPIPS=0.6653
2025-04-27 18:34:11,450 [INFO] 40.png: PSNR=15.0074, SSIM=0.1040, LPIPS=0.8681
2025-04-27 18:34:15,126 [INFO] 41.png: PSNR=15.8055, SSIM=0.0900, LPIPS=0.8656
2025-04-27 18:34:18,762 [INFO] 42.png: PSNR=15.2549, SSIM=0.1301, LPIPS=0.8379
2025-04-27 18:34:22,357 [INFO] 43.png: PSNR=16.0564, SSIM=0.1155, LPIPS=0.6839
2025-04-27 18:34:26,265 [INFO] 44.png: PSNR=14.9550, SSIM=0.1296, LPIPS=0.8423
2025-04-27 18:34:30,219 [INFO] 45.png: PSNR=16.0436, SSIM=0.0999, LPIPS=0.8262
2025-04-27 18:34:33,761 [INFO] 46.png: PSNR=17.0959, SSIM=0.2028, LPIPS=0.6460
2025-04-27 18:34:37,485 [INFO] 47.png: PSNR=16.0418, SSIM=0.1893, LPIPS=0.7071
2025-04-27 18:34:41,145 [INFO] 48.png: PSNR=16.5146, SSIM=0.2213, LPIPS=0.6945
2025-04-27 18:34:44,807 [INFO] 49.png: PSNR=15.4256, SSIM=0.2018, LPIPS=0.6384
2025-04-27 18:34:48,567 [INFO] 5.png: PSNR=14.2783, SSIM=0.2392, LPIPS=0.6258
2025-04-27 18:34:52,410 [INFO] 50.png: PSNR=15.9436, SSIM=0.1424, LPIPS=0.7021
2025-04-27 18:34:56,080 [INFO] 51.png: PSNR=15.7873, SSIM=0.1936, LPIPS=0.6159
2025-04-27 18:34:59,694 [INFO] 52.png: PSNR=14.7470, SSIM=0.1897, LPIPS=0.6761
2025-04-27 18:35:02,843 [INFO] 53.png: PSNR=15.6092, SSIM=0.2173, LPIPS=0.5989
2025-04-27 18:35:06,034 [INFO] 54.png: PSNR=15.3060, SSIM=0.1747, LPIPS=0.6687
2025-04-27 18:35:09,813 [INFO] 55.png: PSNR=15.2529, SSIM=0.2119, LPIPS=0.6351
2025-04-27 18:35:13,358 [INFO] 56.png: PSNR=15.2005, SSIM=0.2630, LPIPS=0.6179
2025-04-27 18:35:16,932 [INFO] 57.png: PSNR=15.9499, SSIM=0.2578, LPIPS=0.5737
2025-04-27 18:35:20,645 [INFO] 58.png: PSNR=14.5136, SSIM=0.1762, LPIPS=0.7118
2025-04-27 18:35:24,454 [INFO] 6.png: PSNR=14.5620, SSIM=0.2915, LPIPS=0.6331
2025-04-27 18:35:27,959 [INFO] 7.png: PSNR=14.0699, SSIM=0.2443, LPIPS=0.6584
2025-04-27 18:35:31,585 [INFO] 8.png: PSNR=14.4382, SSIM=0.3087, LPIPS=0.6429
2025-04-27 18:35:34,937 [INFO] 9.png: PSNR=14.6774, SSIM=0.2435, LPIPS=0.6171
2025-04-27 18:35:34,938 [INFO] 
--- Average Metrics (52 images) ---
2025-04-27 18:35:34,938 [INFO] Average PSNR: 15.1864
2025-04-27 18:35:34,938 [INFO] Average SSIM: 0.1954 (52 images)
2025-04-27 18:35:34,938 [INFO] Average LPIPS: 0.6918 (52 images)
2025-04-27 18:35:34,938 [INFO] Metrics log saved to: combined_colie.log
